#
# There is insufficient memory for the Java Runtime Environment to continue.
# Native memory allocation (malloc) failed to allocate 1048576 bytes for AllocateHeap
# Possible reasons:
#   The system is out of physical RAM or swap space
#   In 32 bit mode, the process size limit was hit
# Possible solutions:
#   Reduce memory load on the system
#   Increase physical memory or swap space
#   Check if swap backing store is full
#   Use 64 bit Java on a 64 bit OS
#   Decrease Java heap size (-Xmx/-Xms)
#   Decrease number of Java threads
#   Decrease Java thread stack sizes (-Xss)
#   Set larger code cache with -XX:ReservedCodeCacheSize=
# This output file may be truncated or incomplete.
#
#  Out of Memory Error (memory/allocation.inline.hpp:61), pid=100016, tid=0x00000000000176d0
#
# JRE version:  (8.0_144-b01) (build )
# Java VM: Java HotSpot(TM) 64-Bit Server VM (25.144-b01 mixed mode windows-amd64 compressed oops)
# Failed to write core dump. Minidumps are not enabled by default on client versions of Windows
#

---------------  T H R E A D  ---------------

Current thread (0x00000000024af000):  JavaThread "Unknown thread" [_thread_in_vm, id=95952, stack(0x0000000002800000,0x0000000002900000)]

Stack: [0x0000000002800000,0x0000000002900000]
[error occurred during error reporting (printing stack bounds), id 0xc0000005]

Native frames: (J=compiled Java code, j=interpreted, Vv=VM code, C=native code)


---------------  P R O C E S S  ---------------

Java Threads: ( => current thread )

Other Threads:

=>0x00000000024af000 (exited) JavaThread "Unknown thread" [_thread_in_vm, id=95952, stack(0x0000000002800000,0x0000000002900000)]

VM state:not at safepoint (normal execution)

VM Mutex/Monitor currently owned by a thread: None

Heap:
 PSYoungGen      total 35840K, used 614K [0x00000000d8400000, 0x00000000dac00000, 0x0000000100000000)
  eden space 30720K, 2% used [0x00000000d8400000,0x00000000d84999a8,0x00000000da200000)
  from space 5120K, 0% used [0x00000000da700000,0x00000000da700000,0x00000000dac00000)
  to   space 5120K, 0% used [0x00000000da200000,0x00000000da200000,0x00000000da700000)
 ParOldGen       total 81920K, used 0K [0x0000000088c00000, 0x000000008dc00000, 0x00000000d8400000)
  object space 81920K, 0% used [0x0000000088c00000,0x0000000088c00000,0x000000008dc00000)
 Metaspace       used 770K, capacity 4480K, committed 4480K, reserved 1056768K
  class space    used 75K, capacity 384K, committed 384K, reserved 1048576K

Card table byte_map: [0x0000000011de0000,0x00000000121a0000] byte_map_base: 0x000000001199a000

Marking Bits: (ParMarkBitMap*) 0x0000000059bcd850
 Begin Bits: [0x0000000012a30000, 0x0000000014800000)
 End Bits:   [0x0000000014800000, 0x00000000165d0000)

Polling page: 0x0000000000230000

CodeCache: size=245760Kb used=327Kb max_used=327Kb free=245432Kb
 bounds [0x0000000002a20000, 0x0000000002c90000, 0x0000000011a20000]
 total_blobs=57 nmethods=0 adapters=38
 compilation: enabled

Compilation events (0 events):
No events

GC Heap History (0 events):
No events

Deoptimization events (0 events):
No events

Internal exceptions (0 events):
No events

Events (10 events):
Event: 0.132 loading class java/lang/Short
Event: 0.132 loading class java/lang/Short done
Event: 0.132 loading class java/lang/Integer
Event: 0.132 loading class java/lang/Integer done
Event: 0.132 loading class java/lang/Long
Event: 0.133 loading class java/lang/Long done
Event: 0.135 loading class java/lang/NullPointerException
Event: 0.135 loading class java/lang/NullPointerException done
Event: 0.135 loading class java/lang/ArithmeticException
Event: 0.136 loading class java/lang/ArithmeticException done


Dynamic libraries:
0x000000013f480000 - 0x000000013f4b7000 	G:\Java\bin\java.exe
0x0000000077360000 - 0x000000007750a000 	C:\Windows\SYSTEM32\ntdll.dll
0x0000000077240000 - 0x000000007735f000 	C:\Windows\system32\kernel32.dll
0x000007fefd490000 - 0x000007fefd4fa000 	C:\Windows\system32\KERNELBASE.dll
0x000007feff100000 - 0x000007feff1db000 	C:\Windows\system32\ADVAPI32.dll
0x000007fefec90000 - 0x000007fefed2f000 	C:\Windows\system32\msvcrt.dll
0x000007fefe390000 - 0x000007fefe3af000 	C:\Windows\SYSTEM32\sechost.dll
0x000007feff540000 - 0x000007feff66d000 	C:\Windows\system32\RPCRT4.dll
0x0000000077000000 - 0x00000000770fa000 	C:\Windows\system32\USER32.dll
0x000007feff4d0000 - 0x000007feff537000 	C:\Windows\system32\GDI32.dll
0x000007fefd580000 - 0x000007fefd58e000 	C:\Windows\system32\LPK.dll
0x000007feff1e0000 - 0x000007feff2ab000 	C:\Windows\system32\USP10.dll
0x000007fefbcb0000 - 0x000007fefbea4000 	C:\Windows\WinSxS\amd64_microsoft.windows.common-controls_6595b64144ccf1df_6.0.7601.17514_none_fa396087175ac9ac\COMCTL32.dll
0x000007fefd500000 - 0x000007fefd571000 	C:\Windows\system32\SHLWAPI.dll
0x000007fefed30000 - 0x000007fefed5e000 	C:\Windows\system32\IMM32.DLL
0x000007fefe7a0000 - 0x000007fefe8a9000 	C:\Windows\system32\MSCTF.dll
0x000000005b290000 - 0x000000005b362000 	G:\Java\jre\bin\msvcr100.dll
0x00000000593b0000 - 0x0000000059c4d000 	G:\Java\jre\bin\server\jvm.dll
0x000007fef16b0000 - 0x000007fef16b9000 	C:\Windows\system32\WSOCK32.dll
0x000007fefe340000 - 0x000007fefe38d000 	C:\Windows\system32\WS2_32.dll
0x000007feff060000 - 0x000007feff068000 	C:\Windows\system32\NSI.dll
0x000007fefd2d0000 - 0x000007fefd30b000 	C:\Windows\system32\WINMM.dll
0x000007fefc1a0000 - 0x000007fefc1ac000 	C:\Windows\system32\VERSION.dll
0x0000000077530000 - 0x0000000077537000 	C:\Windows\system32\PSAPI.DLL
0x0000000073600000 - 0x000000007360f000 	G:\Java\jre\bin\verify.dll
0x00000000735d0000 - 0x00000000735f9000 	G:\Java\jre\bin\java.dll
0x000000005ac80000 - 0x000000005aca3000 	G:\Java\jre\bin\instrument.dll
0x00000000735a0000 - 0x00000000735b6000 	G:\Java\jre\bin\zip.dll

VM Arguments:
jvm_args: -XX:TieredStopAtLevel=1 -Xverify:none -Dspring.output.ansi.enabled=always -Dcom.sun.management.jmxremote -Dcom.sun.management.jmxremote.port=65107 -Dcom.sun.management.jmxremote.authenticate=false -Dcom.sun.management.jmxremote.ssl=false -Djava.rmi.server.hostname=localhost -Dspring.liveBeansView.mbeanDomain -Dspring.application.admin.enabled=true -javaagent:G:\IDEA2018.3.1\IntelliJ IDEA 2018.3.1\lib\idea_rt.jar=65108:G:\IDEA2018.3.1\IntelliJ IDEA 2018.3.1\bin -Dfile.encoding=UTF-8 
java_command: com.huizhi.oa.OaApplication
java_class_path (initial): G:\Java\jre\lib\charsets.jar;G:\Java\jre\lib\deploy.jar;G:\Java\jre\lib\ext\access-bridge-64.jar;G:\Java\jre\lib\ext\cldrdata.jar;G:\Java\jre\lib\ext\dnsns.jar;G:\Java\jre\lib\ext\jaccess.jar;G:\Java\jre\lib\ext\jfxrt.jar;G:\Java\jre\lib\ext\localedata.jar;G:\Java\jre\lib\ext\nashorn.jar;G:\Java\jre\lib\ext\sunec.jar;G:\Java\jre\lib\ext\sunjce_provider.jar;G:\Java\jre\lib\ext\sunmscapi.jar;G:\Java\jre\lib\ext\sunpkcs11.jar;G:\Java\jre\lib\ext\zipfs.jar;G:\Java\jre\lib\javaws.jar;G:\Java\jre\lib\jce.jar;G:\Java\jre\lib\jfr.jar;G:\Java\jre\lib\jfxswt.jar;G:\Java\jre\lib\jsse.jar;G:\Java\jre\lib\management-agent.jar;G:\Java\jre\lib\plugin.jar;G:\Java\jre\lib\resources.jar;G:\Java\jre\lib\rt.jar;E:\idea\huizhi\target\classes;C:\Users\Administrator\.m2\repository\org\springframework\boot\spring-boot-starter-data-redis\2.1.3.RELEASE\spring-boot-starter-data-redis-2.1.3.RELEASE.jar;C:\Users\Administrator\.m2\repository\org\springframework\boot\spring-boot-starter\2.1.3.RELEASE\spring-boot-starter-2.1.3.RELEASE.jar;C:\Users\Administrator\.m2\repository\org\springframework\boot\spring-boot-starter-logging\2.1.3.RELEASE\spring-boot-starter-logging-2.1.3.RELEASE.jar;C:\Users\Administrator\.m2\repository\ch\qos\logback\logback-classic\1.2.3\logback-classic-1.2.3.jar;C:\Users\Administrator\.m2\repository\ch\qos\logback\logback-core\1.2.3\logback-core-1.2.3.jar;C:\Users\Administrator\.m2\repository\org\apache\logging\log4j\log4j-to-slf4j\2.11.2\log4j-to-slf4j-2.11.2.jar;C:\Users\Administrator\.m2\repository\org\apache\logging\log4j\log4j-api\2.11.2\log4j-api-2.11.2.jar;C:\Users\Administrator\.m2\repository\org\slf4j\jul-to-slf4j\1.7.25\jul-to-slf4j-1.7.25.jar;C:\Users\Administrator\.m2\repository\org\yaml\snakeyaml\1.23\snakeyaml-1.23.jar;C:\Users\Administrator\.m2\repository\org\springframework\data\spring-data-redis\2.1.5.RELEASE\spring-data-redis-2.1.5.RELEASE.jar;C:\Users\Administrator\.m2\repository\org\springframework\data\spring-data-keyvalue\2
Launcher Type: SUN_STANDARD

Environment Variables:
JAVA_HOME=G:\Java\
CLASSPATH=.;G:\Java\\lib\tools.jar;G:\Java\\lib\dt.jar;G:\Tomcat9.0\apache-tomcat-9.0.14\lib\servlet-api.jar
PATH=G:\Tomcat9.0\apache-tomcat-9.0.14\bin;G:\Java\apache-maven-3.6.0-bin\apache-maven-3.6.0\bin;G:\app\Administrator\product\11.2.0\dbhome_1\bin;C:\Program Files (x86)\Common Files\Intel\Shared Libraries\redist\intel64\compiler;G:\toolset\asm;C:\ProgramData\Oracle\Java\javapath;C:\Windows\system32;C:\Windows;C:\Windows\System32\Wbem;C:\Windows\System32\WindowsPowerShell\v1.0\;G:\Java\\bin;g:\Program Files\Git\cmd;G:\VisualSVN Server\SVN\bin;G:\TortoiseSVN\bin;C:\Program Files\MySQL\MySQL Server 5.5\bin;g:\modeltech64_10.0c\win64;G:\stm8;C:\Program Files (x86)\COSMIC\CXSTM8_32K
USERNAME=Administrator
OS=Windows_NT
PROCESSOR_IDENTIFIER=AMD64 Family 22 Model 0 Stepping 1, AuthenticAMD



---------------  S Y S T E M  ---------------

OS: Windows 7 , 64 bit Build 7601 (6.1.7601.23807)

CPU:total 4 (initial active 4) (4 cores per cpu, 1 threads per core) family 22 model 0 stepping 1, cmov, cx8, fxsr, mmx, sse, sse2, sse3, ssse3, sse4.1, sse4.2, popcnt, avx, aes, clmul, mmxext, 3dnowpref, lzcnt, sse4a, tsc, tscinvbit, tscinv, bmi1

Memory: 4k page, physical 7812468k(1536756k free), swap 9907760k(5364k free)

vm_info: Java HotSpot(TM) 64-Bit Server VM (25.144-b01) for windows-amd64 JRE (1.8.0_144-b01), built on Jul 21 2017 21:57:33 by "java_re" with MS VC++ 10.0 (VS2010)

time: Mon Feb 18 20:02:12 2019
elapsed time: 0 seconds (0d 0h 0m 0s)

